[2022-06-08 00:36:32,637] - log.py] - INFO: jenkins连接异常 'NoneType' object is not subscriptable
[2022-06-08 00:37:28,546] - log.py] - INFO: jenkins连接异常 'NoneType' object is not subscriptable
[2022-06-08 00:38:24,192] - log.py] - INFO: jenkins连接异常 'NoneType' object is not subscriptable
[2022-06-08 00:39:23,303] - log.py] - INFO: jenkins连接异常 'NoneType' object is not subscriptable
[2022-06-08 00:39:40,588] - log.py] - INFO: jenkins连接异常 'NoneType' object is not subscriptable
[2022-06-08 00:40:30,044] - log.py] - INFO: jenkins连接异常 'NoneType' object is not subscriptable
[2022-06-08 00:40:41,601] - log.py] - INFO: jenkins连接异常 'NoneType' object is not subscriptable
[2022-06-08 00:40:51,933] - log.py] - INFO: jenkins连接异常 'NoneType' object is not subscriptable
[2022-06-08 00:41:31,213] - log.py] - INFO: jenkins连接异常 'NoneType' object is not subscriptable
[2022-06-08 00:41:37,695] - log.py] - INFO: jenkins连接异常 'NoneType' object is not subscriptable
[2022-06-08 00:43:11,249] - log.py] - INFO: jenkins连接异常 'NoneType' object is not subscriptable
[2022-06-08 00:43:20,770] - log.py] - INFO: jenkins连接异常 'NoneType' object is not subscriptable
[2022-06-08 00:43:59,517] - log.py] - INFO: jenkins连接异常 'NoneType' object is not subscriptable
[2022-06-08 00:44:18,201] - log.py] - INFO: jenkins连接异常 'NoneType' object is not subscriptable
[2022-06-08 00:45:45,446] - log.py] - INFO: jenkins连接异常 'NoneType' object is not subscriptable
[2022-06-08 00:47:35,996] - log.py] - INFO: jenkins连接异常 'NoneType' object is not subscriptable
[2022-06-08 00:50:30,086] - log.py] - INFO: jenkins连接异常 'NoneType' object is not subscriptable
[2022-06-08 00:51:40,662] - log.py] - INFO: jenkins连接异常 'NoneType' object is not subscriptable
[2022-06-08 00:58:37,714] - log.py] - INFO: jenkins连接异常 'NoneType' object is not subscriptable
[2022-06-08 00:58:52,162] - log.py] - INFO: jenkins连接异常 'NoneType' object is not subscriptable
[2022-06-08 00:58:52,163] - log.py] - DEBUG: webhook地址: https://open.feishu.cn/open-apis/bot/v2/hook/3ec5cf22-c0cb-4346-83fc-e6c9a0e91e20realibox迭代群
[2022-06-08 00:58:52,164] - log.py] - INFO: 接口请求异常 'flyb' object has no attribute 'report_url'
[2022-06-08 00:59:30,644] - log.py] - DEBUG: webhook地址: https://open.feishu.cn/open-apis/bot/v2/hook/3ec5cf22-c0cb-4346-83fc-e6c9a0e91e20realibox迭代群
[2022-06-08 00:59:30,644] - log.py] - INFO: 接口请求异常 'flyb' object has no attribute 'report_url'
[2022-06-08 01:00:19,185] - log.py] - DEBUG: webhook地址: https://open.feishu.cn/open-apis/bot/v2/hook/3ec5cf22-c0cb-4346-83fc-e6c9a0e91e20realibox迭代群
[2022-06-08 01:00:19,186] - log.py] - INFO: 接口请求异常 'flyb' object has no attribute 'report_url'
[2022-06-08 01:00:27,811] - log.py] - DEBUG: webhook地址: https://open.feishu.cn/open-apis/bot/v2/hook/3ec5cf22-c0cb-4346-83fc-e6c9a0e91e20
[2022-06-08 01:00:27,812] - log.py] - INFO: 接口请求异常 'flyb' object has no attribute 'report_url'
[2022-06-08 01:00:47,686] - log.py] - DEBUG: webhook地址: https://open.feishu.cn/open-apis/bot/v2/hook/3ec5cf22-c0cb-4346-83fc-e6c9a0e91e20https://open.feishu.cn/open-apis/bot/v2/hook/3ec5cf22-c0cb-4346-83fc-e6c9a0e91e20
[2022-06-08 01:00:47,687] - log.py] - INFO: 接口请求异常 'flyb' object has no attribute 'report_url'
[2022-06-08 01:03:32,969] - log.py] - DEBUG: webhook地址: https://open.feishu.cn/open-apis/bot/v2/hook/3ec5cf22-c0cb-4346-83fc-e6c9a0e91e20迭代群
[2022-06-08 01:03:32,970] - log.py] - INFO: 接口请求异常 'flyb' object has no attribute 'report_url'
[2022-06-08 01:16:18,563] - log.py] - DEBUG: webhook地址: https://open.feishu.cn/open-apis/bot/v2/hook/3ec5cf22-c0cb-4346-83fc-e6c9a0e91e20realibox迭代群
[2022-06-08 01:16:18,565] - log.py] - INFO: 接口请求异常 'flyb' object has no attribute 'report_url'
